Log file open, 11/16/17 18:30:29
LogWindows: Failed to load 'aqProf.dll' (GetLastError=126)
LogWindows: File 'aqProf.dll' does not exist
LogWindows: Failed to load 'VtuneApi.dll' (GetLastError=126)
LogWindows: File 'VtuneApi.dll' does not exist
LogWindows: Failed to load 'VtuneApi32e.dll' (GetLastError=126)
LogWindows: File 'VtuneApi32e.dll' does not exist
LogInit: Display: Running engine for game: pruebaGitHub
LogPlatformFile: Not using cached read wrapper
LogInit: Display: RandInit(1461176516) SRandInit(1461176516).
LogInit: Read version file with build ID '3709383'
LogInit: Overriding engine version to CL 3709383, compatible CL 3709383
LogInit: Registered custom module enumerator with build ID '3709383'
LogTaskGraph: Started task graph with 5 named threads and 14 total threads with 3 sets of task threads.
LogStats: Stats thread started at 0.155554
LogD3D11RHI: Aftermath initialized
LogModuleManager: Display: Found up-to-date module file ../../../Engine/Plugins/2D/Paper2D/Binaries/Win64/UE4Editor-Paper2D.dll (API version 3709383).
LogModuleManager: Display: Found up-to-date module file ../../../Engine/Plugins/2D/Paper2D/Binaries/Win64/UE4Editor-Paper2DEditor.dll (API version 3709383).
LogModuleManager: Display: Found up-to-date module file ../../../Engine/Plugins/2D/Paper2D/Binaries/Win64/UE4Editor-PaperSpriteSheetImporter.dll (API version 3709383).
LogModuleManager: Display: Found up-to-date module file ../../../Engine/Plugins/2D/Paper2D/Binaries/Win64/UE4Editor-PaperTiledImporter.dll (API version 3709383).
LogModuleManager: Display: Found up-to-date module file ../../../Engine/Plugins/2D/Paper2D/Binaries/Win64/UE4Editor-SmartSnapping.dll (API version 3709383).
LogModuleManager: Display: Found up-to-date module file ../../../Engine/Plugins/Blendables/LightPropagationVolume/Binaries/Win64/UE4Editor-LightPropagationVolumeRuntime.dll (API version 3709383).
LogModuleManager: Display: Found up-to-date module file ../../../Engine/Plugins/Blendables/LightPropagationVolume/Binaries/Win64/UE4Editor-LightPropagationVolumeEditor.dll (API version 3709383).
LogModuleManager: Display: Found up-to-date module file ../../../Engine/Plugins/Developer/GitSourceControl/Binaries/Win64/UE4Editor-GitSourceControl.dll (API version 3709383).
LogModuleManager: Display: Found up-to-date module file ../../../Engine/Plugins/Developer/PerforceSourceControl/Binaries/Win64/UE4Editor-PerforceSourceControl.dll (API version 3709383).
LogModuleManager: Display: Found up-to-date module file ../../../Engine/Plugins/Developer/SubversionSourceControl/Binaries/Win64/UE4Editor-SubversionSourceControl.dll (API version 3709383).
LogModuleManager: Display: Found up-to-date module file ../../../Engine/Plugins/Developer/UObjectPlugin/Binaries/Win64/UE4Editor-UObjectPlugin.dll (API version 3709383).
LogModuleManager: Display: Found up-to-date module file ../../../Engine/Plugins/Developer/VisualStudioCodeSourceCodeAccess/Binaries/Win64/UE4Editor-VisualStudioCodeSourceCodeAccess.dll (API version 3709383).
LogModuleManager: Display: Found up-to-date module file ../../../Engine/Plugins/Developer/VisualStudioSourceCodeAccess/Binaries/Win64/UE4Editor-VisualStudioSourceCodeAccess.dll (API version 3709383).
LogModuleManager: Display: Found up-to-date module file ../../../Engine/Plugins/Editor/AssetManagerEditor/Binaries/Win64/UE4Editor-AssetManagerEditor.dll (API version 3709383).
LogModuleManager: Display: Found up-to-date module file ../../../Engine/Plugins/Editor/AudioCapture/Binaries/Win64/UE4Editor-AudioCapture.dll (API version 3709383).
LogModuleManager: Display: Found up-to-date module file ../../../Engine/Plugins/Editor/FacialAnimation/Binaries/Win64/UE4Editor-FacialAnimation.dll (API version 3709383).
LogModuleManager: Display: Found up-to-date module file ../../../Engine/Plugins/Editor/FacialAnimation/Binaries/Win64/UE4Editor-FacialAnimationEditor.dll (API version 3709383).
LogModuleManager: Display: Found up-to-date module file ../../../Engine/Plugins/Editor/GameplayTagsEditor/Binaries/Win64/UE4Editor-GameplayTagsEditor.dll (API version 3709383).
LogModuleManager: Display: Found up-to-date module file ../../../Engine/Plugins/Editor/MobileLauncherProfileWizard/Binaries/Win64/UE4Editor-MobileLauncherProfileWizard.dll (API version 3709383).
LogModuleManager: Display: Found up-to-date module file ../../../Engine/Plugins/Editor/PluginBrowser/Binaries/Win64/UE4Editor-PluginBrowser.dll (API version 3709383).
LogModuleManager: Display: Found up-to-date module file ../../../Engine/Plugins/Editor/SpeedTreeImporter/Binaries/Win64/UE4Editor-SpeedTreeImporter.dll (API version 3709383).
LogModuleManager: Display: Found up-to-date module file ../../../Engine/Plugins/Experimental/AlembicImporter/Binaries/Win64/UE4Editor-AlembicImporter.dll (API version 3709383).
LogModuleManager: Display: Found up-to-date module file ../../../Engine/Plugins/Experimental/AlembicImporter/Binaries/Win64/UE4Editor-AlembicLibrary.dll (API version 3709383).
LogModuleManager: Display: Found up-to-date module file ../../../Engine/Plugins/Experimental/CharacterAI/Binaries/Win64/UE4Editor-CharacterAI.dll (API version 3709383).
LogModuleManager: Display: Found up-to-date module file ../../../Engine/Plugins/Experimental/HTML5Networking/Binaries/Win64/UE4Editor-HTML5Networking.dll (API version 3709383).
LogModuleManager: Display: Found up-to-date module file ../../../Engine/Plugins/Marketplace/DatasmithCADImporter/Binaries/Win64/UE4Editor-DatasmithCADImporter.dll (API version 3709383).
LogModuleManager: Display: Found up-to-date module file ../../../Engine/Plugins/Marketplace/DatasmithImporter/Binaries/Win64/UE4Editor-DatasmithImporter.dll (API version 3709383).
LogModuleManager: Display: Found up-to-date module file ../../../Engine/Plugins/Marketplace/DatasmithImporter/Binaries/Win64/UE4Editor-DatasmithCore.dll (API version 3709383).
LogModuleManager: Display: Found up-to-date module file ../../../Engine/Plugins/Media/AndroidMedia/Binaries/Win64/UE4Editor-AndroidMediaEditor.dll (API version 3709383).
LogModuleManager: Display: Found up-to-date module file ../../../Engine/Plugins/Media/AndroidMedia/Binaries/Win64/UE4Editor-AndroidMediaFactory.dll (API version 3709383).
LogModuleManager: Display: Found up-to-date module file ../../../Engine/Plugins/Media/AvfMedia/Binaries/Win64/UE4Editor-AvfMediaEditor.dll (API version 3709383).
LogModuleManager: Display: Found up-to-date module file ../../../Engine/Plugins/Media/AvfMedia/Binaries/Win64/UE4Editor-AvfMediaFactory.dll (API version 3709383).
LogModuleManager: Display: Found up-to-date module file ../../../Engine/Plugins/Media/AvfMedia/Binaries/Win64/UE4Editor-AvfMediaFactory.dll (API version 3709383).
LogModuleManager: Display: Found up-to-date module file ../../../Engine/Plugins/Media/ImgMedia/Binaries/Win64/UE4Editor-ImgMedia.dll (API version 3709383).
LogModuleManager: Display: Found up-to-date module file ../../../Engine/Plugins/Media/ImgMedia/Binaries/Win64/UE4Editor-ImgMediaEditor.dll (API version 3709383).
LogModuleManager: Display: Found up-to-date module file ../../../Engine/Plugins/Media/ImgMedia/Binaries/Win64/UE4Editor-ImgMediaFactory.dll (API version 3709383).
LogModuleManager: Display: Found up-to-date module file ../../../Engine/Plugins/Media/ImgMedia/Binaries/Win64/UE4Editor-ImgMediaFactory.dll (API version 3709383).
LogModuleManager: Display: Found up-to-date module file ../../../Engine/Plugins/Media/ImgMedia/Binaries/Win64/UE4Editor-OpenExrWrapper.dll (API version 3709383).
LogModuleManager: Display: Found up-to-date module file ../../../Engine/Plugins/Media/MediaCompositing/Binaries/Win64/UE4Editor-MediaCompositing.dll (API version 3709383).
LogModuleManager: Display: Found up-to-date module file ../../../Engine/Plugins/Media/MediaCompositing/Binaries/Win64/UE4Editor-MediaCompositingEditor.dll (API version 3709383).
LogModuleManager: Display: Found up-to-date module file ../../../Engine/Plugins/Media/MediaPlayerEditor/Binaries/Win64/UE4Editor-MediaPlayerEditor.dll (API version 3709383).
LogModuleManager: Display: Found up-to-date module file ../../../Engine/Plugins/Media/WmfMedia/Binaries/Win64/UE4Editor-WmfMedia.dll (API version 3709383).
LogModuleManager: Display: Found up-to-date module file ../../../Engine/Plugins/Media/WmfMedia/Binaries/Win64/UE4Editor-WmfMediaEditor.dll (API version 3709383).
LogModuleManager: Display: Found up-to-date module file ../../../Engine/Plugins/Media/WmfMedia/Binaries/Win64/UE4Editor-WmfMediaFactory.dll (API version 3709383).
LogModuleManager: Display: Found up-to-date module file ../../../Engine/Plugins/Media/WmfMedia/Binaries/Win64/UE4Editor-WmfMediaFactory.dll (API version 3709383).
LogModuleManager: Display: Found up-to-date module file ../../../Engine/Plugins/Messaging/TcpMessaging/Binaries/Win64/UE4Editor-TcpMessaging.dll (API version 3709383).
LogModuleManager: Display: Found up-to-date module file ../../../Engine/Plugins/Messaging/UdpMessaging/Binaries/Win64/UE4Editor-UdpMessaging.dll (API version 3709383).
LogModuleManager: Display: Found up-to-date module file ../../../Engine/Plugins/MovieScene/ActorSequence/Binaries/Win64/UE4Editor-ActorSequence.dll (API version 3709383).
LogModuleManager: Display: Found up-to-date module file ../../../Engine/Plugins/MovieScene/LevelSequenceEditor/Binaries/Win64/UE4Editor-LevelSequenceEditor.dll (API version 3709383).
LogModuleManager: Display: Found up-to-date module file ../../../Engine/Plugins/MovieScene/MatineeToLevelSequence/Binaries/Win64/UE4Editor-MatineeToLevelSequence.dll (API version 3709383).
LogModuleManager: Display: Found up-to-date module file ../../../Engine/Plugins/Online/OnlineSubsystem/Binaries/Win64/UE4Editor-OnlineSubsystem.dll (API version 3709383).
LogModuleManager: Display: Found up-to-date module file ../../../Engine/Plugins/Runtime/AndroidPermission/Binaries/Win64/UE4Editor-AndroidPermission.dll (API version 3709383).
LogModuleManager: Display: Found up-to-date module file ../../../Engine/Plugins/Online/OnlineSubsystemNull/Binaries/Win64/UE4Editor-OnlineSubsystemNull.dll (API version 3709383).
LogModuleManager: Display: Found up-to-date module file ../../../Engine/Plugins/Online/OnlineSubsystemUtils/Binaries/Win64/UE4Editor-OnlineSubsystemUtils.dll (API version 3709383).
LogModuleManager: Display: Found up-to-date module file ../../../Engine/Plugins/Online/OnlineSubsystemUtils/Binaries/Win64/UE4Editor-OnlineBlueprintSupport.dll (API version 3709383).
LogModuleManager: Display: Found up-to-date module file ../../../Engine/Plugins/Runtime/AndroidDeviceProfileSelector/Binaries/Win64/UE4Editor-AndroidDeviceProfileSelector.dll (API version 3709383).
LogModuleManager: Display: Found up-to-date module file ../../../Engine/Plugins/Runtime/AppleARKit/Binaries/Win64/UE4Editor-AppleARKit.dll (API version 3709383).
LogModuleManager: Display: Found up-to-date module file ../../../Engine/Plugins/Runtime/ArchVisCharacter/Binaries/Win64/UE4Editor-ArchVisCharacter.dll (API version 3709383).
LogModuleManager: Display: Found up-to-date module file ../../../Engine/Plugins/Runtime/CableComponent/Binaries/Win64/UE4Editor-CableComponent.dll (API version 3709383).
LogModuleManager: Display: Found up-to-date module file ../../../Engine/Plugins/Runtime/CustomMeshComponent/Binaries/Win64/UE4Editor-CustomMeshComponent.dll (API version 3709383).
LogModuleManager: Display: Found up-to-date module file ../../../Engine/Plugins/Runtime/ExampleDeviceProfileSelector/Binaries/Win64/UE4Editor-ExampleDeviceProfileSelector.dll (API version 3709383).
LogModuleManager: Display: Found up-to-date module file ../../../Engine/Plugins/Runtime/ImmediatePhysics/Binaries/Win64/UE4Editor-ImmediatePhysics.dll (API version 3709383).
LogModuleManager: Display: Found up-to-date module file ../../../Engine/Plugins/Runtime/ImmediatePhysics/Binaries/Win64/UE4Editor-ImmediatePhysicsEditor.dll (API version 3709383).
LogModuleManager: Display: Found up-to-date module file ../../../Engine/Plugins/Runtime/LocationServicesBPLibrary/Binaries/Win64/UE4Editor-LocationServicesBPLibrary.dll (API version 3709383).
LogModuleManager: Display: Found up-to-date module file ../../../Engine/Plugins/Runtime/MobilePatchingUtils/Binaries/Win64/UE4Editor-MobilePatchingUtils.dll (API version 3709383).
LogModuleManager: Display: Found up-to-date module file ../../../Engine/Plugins/Runtime/Oculus/OculusVR/Binaries/Win64/UE4Editor-OculusHMD.dll (API version 3709383).
LogModuleManager: Display: Found up-to-date module file ../../../Engine/Plugins/Runtime/Oculus/OculusVR/Binaries/Win64/UE4Editor-OculusInput.dll (API version 3709383).
LogModuleManager: Display: Found up-to-date module file ../../../Engine/Plugins/Runtime/Oculus/OculusVR/Binaries/Win64/UE4Editor-OculusEditor.dll (API version 3709383).
LogModuleManager: Display: Found up-to-date module file ../../../Engine/Plugins/Runtime/PhysXVehicles/Binaries/Win64/UE4Editor-PhysXVehicles.dll (API version 3709383).
LogModuleManager: Display: Found up-to-date module file ../../../Engine/Plugins/Runtime/PhysXVehicles/Binaries/Win64/UE4Editor-PhysXVehiclesEditor.dll (API version 3709383).
LogModuleManager: Display: Found up-to-date module file ../../../Engine/Plugins/Runtime/ProceduralMeshComponent/Binaries/Win64/UE4Editor-ProceduralMeshComponent.dll (API version 3709383).
LogModuleManager: Display: Found up-to-date module file ../../../Engine/Plugins/Runtime/ProceduralMeshComponent/Binaries/Win64/UE4Editor-ProceduralMeshComponentEditor.dll (API version 3709383).
LogModuleManager: Display: Found up-to-date module file ../../../Engine/Plugins/Runtime/RuntimePhysXCooking/Binaries/Win64/UE4Editor-RuntimePhysXCooking.dll (API version 3709383).
LogModuleManager: Display: Found up-to-date module file ../../../Engine/Plugins/Runtime/Steam/SteamVR/Binaries/Win64/UE4Editor-SteamVR.dll (API version 3709383).
LogModuleManager: Display: Found up-to-date module file ../../../Engine/Plugins/Runtime/Steam/SteamVR/Binaries/Win64/UE4Editor-SteamVRController.dll (API version 3709383).
LogModuleManager: Display: Found up-to-date module file ../../../Engine/Plugins/Runtime/WindowsMoviePlayer/Binaries/Win64/UE4Editor-WindowsMoviePlayer.dll (API version 3709383).
LogPluginManager: Mounting plugin Paper2D
LogPluginManager: Mounting plugin LightPropagationVolume
LogPluginManager: Mounting plugin CodeLiteSourceCodeAccess
LogPluginManager: Mounting plugin GitSourceControl
LogPluginManager: Mounting plugin KDevelopSourceCodeAccess
LogPluginManager: Mounting plugin NullSourceCodeAccess
LogPluginManager: Mounting plugin PerforceSourceControl
LogPluginManager: Mounting plugin SubversionSourceControl
LogPluginManager: Mounting plugin UObjectPlugin
LogPluginManager: Mounting plugin VisualStudioCodeSourceCodeAccess
LogPluginManager: Mounting plugin VisualStudioSourceCodeAccess
LogPluginManager: Mounting plugin XCodeSourceCodeAccess
LogPluginManager: Mounting plugin AssetManagerEditor
LogPluginManager: Mounting plugin AudioCapture
LogPluginManager: Mounting plugin FacialAnimation
LogPluginManager: Mounting plugin GameplayTagsEditor
LogPluginManager: Mounting plugin MobileLauncherProfileWizard
LogPluginManager: Mounting plugin PluginBrowser
LogPluginManager: Mounting plugin SpeedTreeImporter
LogPluginManager: Mounting plugin AlembicImporter
LogPluginManager: Mounting plugin CharacterAI
LogPluginManager: Mounting plugin HTML5Networking
LogPluginManager: Mounting plugin DatasmithCADImporter
LogPluginManager: Mounting plugin DatasmithImporter
LogPluginManager: Mounting plugin AndroidMedia
LogPluginManager: Mounting plugin AvfMedia
LogPluginManager: Mounting plugin ImgMedia
LogPluginManager: Mounting plugin MediaCompositing
LogPluginManager: Mounting plugin MediaPlayerEditor
LogPluginManager: Mounting plugin WmfMedia
LogPluginManager: Mounting plugin TcpMessaging
LogPluginManager: Mounting plugin UdpMessaging
LogPluginManager: Mounting plugin ActorSequence
LogPluginManager: Mounting plugin LevelSequenceEditor
LogPluginManager: Mounting plugin MatineeToLevelSequence
LogPluginManager: Mounting plugin OnlineSubsystemGooglePlay
LogPluginManager: Mounting plugin OnlineSubsystemIOS
LogPluginManager: Mounting plugin OnlineSubsystem
LogPluginManager: Mounting plugin OnlineSubsystemNull
LogPluginManager: Mounting plugin OnlineSubsystemUtils
LogPluginManager: Mounting plugin AndroidDeviceProfileSelector
LogPluginManager: Mounting plugin AndroidMoviePlayer
LogPluginManager: Mounting plugin AndroidPermission
LogPluginManager: Mounting plugin AppleARKit
LogPluginManager: Mounting plugin AppleMoviePlayer
LogPluginManager: Mounting plugin ArchVisCharacter
LogPluginManager: Mounting plugin CableComponent
LogPluginManager: Mounting plugin CustomMeshComponent
LogPluginManager: Mounting plugin ExampleDeviceProfileSelector
LogPluginManager: Mounting plugin GoogleCloudMessaging
LogPluginManager: Mounting plugin ImmediatePhysics
LogPluginManager: Mounting plugin IOSDeviceProfileSelector
LogPluginManager: Mounting plugin LinuxDeviceProfileSelector
LogPluginManager: Mounting plugin LocationServicesBPLibrary
LogPluginManager: Mounting plugin MobilePatchingUtils
LogPluginManager: Mounting plugin OculusVR
LogPluginManager: Plugin shader directory ../../../Engine/Plugins/Runtime/Oculus/OculusVR/Shaders found
LogPluginManager: Mapping shader source directory ../../../Engine/Plugins/Runtime/Oculus/OculusVR/Shaders to virtual directory /Plugin/OculusVR
LogPluginManager: Mounting plugin PhysXVehicles
LogPluginManager: Mounting plugin ProceduralMeshComponent
LogPluginManager: Mounting plugin RuntimePhysXCooking
LogPluginManager: Mounting plugin SteamVR
LogPluginManager: Mounting plugin WindowsMoviePlayer
LogInit: Using libcurl 7.47.1
LogInit:  - built for x86_64-pc-win32
LogInit:  - supports SSL with OpenSSL/1.0.2g
LogInit:  - supports HTTP deflate (compression) using libz 1.2.8
LogInit:  - other features:
LogInit:      CURL_VERSION_SSL
LogInit:      CURL_VERSION_LIBZ
LogInit:      CURL_VERSION_IPV6
LogInit:      CURL_VERSION_ASYNCHDNS
LogInit:      CURL_VERSION_LARGEFILE
LogInit:      CURL_VERSION_IDN
LogInit:  CurlRequestOptions (configurable via config and command line):
LogInit:  - bVerifyPeer = false  - Libcurl will NOT verify peer certificate
LogInit:  - bUseHttpProxy = false  - Libcurl will NOT use HTTP proxy
LogInit:  - bDontReuseConnections = false  - Libcurl will reuse connections
LogInit:  - CertBundlePath = nullptr  - Libcurl will use whatever was configured at build time.
LogInit: Build: ++UE4+Release-4.18-CL-3709383
LogInit: Engine Version: 4.18.0-3709383+++UE4+Release-4.18
LogInit: Compatible Engine Version: 4.18.0-3709383+++UE4+Release-4.18
LogInit: Net CL: 3709383
LogDevObjectVersion: Number of dev versions registered: 16
LogDevObjectVersion:   Dev-Blueprints (B0D832E4-1F89-4F0D-ACCF-7EB736FD4AA2): 10
LogDevObjectVersion:   Dev-Build (E1C64328-A22C-4D53-A36C-8E866417BD8C): 0
LogDevObjectVersion:   Dev-Core (375EC13C-06E4-48FB-B500-84F0262A717E): 2
LogDevObjectVersion:   Dev-Editor (E4B068ED-F494-42E9-A231-DA0B2E46BB41): 20
LogDevObjectVersion:   Dev-Framework (CFFC743F-43B0-4480-9391-14DF171D2073): 30
LogDevObjectVersion:   Dev-Mobile (B02B49B5-BB20-44E9-A304-32B752E40360): 0
LogDevObjectVersion:   Dev-Networking (A4E4105C-59A1-49B5-A7C5-40C4547EDFEE): 0
LogDevObjectVersion:   Dev-Online (39C831C9-5AE6-47DC-9A44-9C173E1C8E7C): 0
LogDevObjectVersion:   Dev-Physics (78F01B33-EBEA-4F98-B9B4-84EACCB95AA2): 0
LogDevObjectVersion:   Dev-Platform (6631380F-2D4D-43E0-8009-CF276956A95A): 0
LogDevObjectVersion:   Dev-Rendering (12F88B9F-8875-4AFC-A67C-D90C383ABD29): 20
LogDevObjectVersion:   Dev-Sequencer (7B5AE74C-D270-4C10-A958-57980B212A5A): 4
LogDevObjectVersion:   Dev-VR (D7296918-1DD6-4BDD-9DE2-64A83CC13884): 0
LogDevObjectVersion:   Dev-LoadTimes (C2A15278-BFE7-4AFE-6C17-90FF531DF755): 1
LogDevObjectVersion:   Private-Geometry (6EACA3D4-40EC-4CC1-B786-8BED09428FC5): 1
LogDevObjectVersion:   Dev-AnimPhys (29E575DD-E0A3-4627-9D10-D276232CDCEA): 12
LogInit: Compiled (64-bit): Oct 20 2017 10:39:19
LogInit: Compiled with Visual C++: 19.00.24215.01
LogInit: Build Configuration: Development
LogInit: Branch Name: ++UE4+Release-4.18
LogInit: Command line: -EpicPortal 
LogInit: Base directory: C:/Program Files/Epic Games/UE_4.18/Engine/Binaries/Win64/
LogInit: Installed Engine Build: 1
LogInit: Presizing for max 8388607 objects, including 0 objects not considered by GC, pre-allocating 0 bytes for permanent pool.
LogInit: Object subsystem initialized
[2017.11.16-17.30.30:896][  0]LogInit: Selected Device Profile: [Windows]
[2017.11.16-17.30.30:896][  0]LogInit: Applying CVar settings loaded from the selected device profile: [Windows]
[2017.11.16-17.30.30:907][  0]LogInit: Computer: NIGHTBLADEX2
[2017.11.16-17.30.30:907][  0]LogInit: User: Santi
[2017.11.16-17.30.30:907][  0]LogInit: CPU Page size=4096, Cores=4
[2017.11.16-17.30.30:907][  0]LogInit: High frequency timer resolution =3.914062 MHz
[2017.11.16-17.30.30:907][  0]LogMemory: Memory total: Physical=32.0GB (32GB approx)
[2017.11.16-17.30.30:907][  0]LogMemory: Platform Memory Stats for Windows
[2017.11.16-17.30.30:907][  0]LogMemory: Process Physical Memory: 273.41 MB used, 273.41 MB peak
[2017.11.16-17.30.30:907][  0]LogMemory: Process Virtual Memory: 271.73 MB used, 271.73 MB peak
[2017.11.16-17.30.30:907][  0]LogMemory: Physical Memory: 12291.26 MB used,  20432.27 MB free, 32723.52 MB total
[2017.11.16-17.30.30:907][  0]LogMemory: Virtual Memory: 679.50 MB used,  20432.27 MB free, 134217728.00 MB total
[2017.11.16-17.30.31:041][  0]LogInit: Overriding language with editor language configuration option (en).
[2017.11.16-17.30.31:041][  0]LogInit: Overriding locale with editor locale configuration option (en).
[2017.11.16-17.30.31:375][  0]LogInit: Setting process to per monitor DPI aware
[2017.11.16-17.30.31:589][  0]LogD3D11RHI: D3D11 adapters:
[2017.11.16-17.30.31:618][  0]LogD3D11RHI:    0. 'NVIDIA GeForce GTX 980 Ti' (Feature Level 11_0)
[2017.11.16-17.30.31:618][  0]LogD3D11RHI:       6103/0/16361 MB DedicatedVideo/DedicatedSystem/SharedSystem, Outputs:2, VendorId:0x10de
[2017.11.16-17.30.31:620][  0]LogD3D11RHI:    1. 'Microsoft Basic Render Driver' (Feature Level 11_0)
[2017.11.16-17.30.31:620][  0]LogD3D11RHI:       0/0/16361 MB DedicatedVideo/DedicatedSystem/SharedSystem, Outputs:0, VendorId:0x1414
[2017.11.16-17.30.31:620][  0]LogD3D11RHI: Chosen D3D11 Adapter: 0
[2017.11.16-17.30.31:626][  0]LogD3D11RHI: Creating new Direct3DDevice
[2017.11.16-17.30.31:626][  0]LogD3D11RHI:     GPU DeviceId: 0x17c8 (for the marketing name, search the web for "GPU Device Id")
[2017.11.16-17.30.31:626][  0]LogWindows: EnumDisplayDevices:
[2017.11.16-17.30.31:626][  0]LogWindows:    0. 'NVIDIA GeForce GTX 980 Ti' (P:1 D:1)
[2017.11.16-17.30.31:626][  0]LogWindows:    1. 'NVIDIA GeForce GTX 980 Ti' (P:0 D:1)
[2017.11.16-17.30.31:626][  0]LogWindows:    2. 'NVIDIA GeForce GTX 980 Ti' (P:0 D:0)
[2017.11.16-17.30.31:626][  0]LogWindows:    3. 'NVIDIA GeForce GTX 980 Ti' (P:0 D:0)
[2017.11.16-17.30.31:626][  0]LogWindows: DebugString: GetVideoDriverDetailsInvalid PrimaryIsNotTheChoosenAdapter GetVideoDriverDetailsInvalid PrimaryIsNotTheChoosenAdapter GetVideoDriverDetailsInvalid PrimaryIsNotTheChoosenAdapter GetVideoDriverDetailsInvalid PrimaryIsNotTheChoosenAdapter FoundDriverCount:0 
[2017.11.16-17.30.31:626][  0]LogD3D11RHI:     Adapter Name: NVIDIA GeForce GTX 980 Ti
[2017.11.16-17.30.31:627][  0]LogD3D11RHI:   Driver Version: Unknown (internal:Unknown, unified:Unknown)
[2017.11.16-17.30.31:627][  0]LogD3D11RHI:      Driver Date: Unknown
[2017.11.16-17.30.31:627][  0]LogRHI: Texture pool is 4272 MB (70% of 6103 MB)
[2017.11.16-17.30.31:643][  0]LogD3D11RHI: Async texture creation enabled
[2017.11.16-17.30.31:660][  0]LogD3D11RHI: GPU Timing Frequency: 1000.000000 (Debug: 2 1)
[2017.11.16-17.30.31:703][  0]LogShaderCompilers: Guid format shader working directory is -11 characters bigger than the processId version (E:/UE4_Projects/Arquinteractiva/Github/Unreal-2017-11-16/Intermediate/Shaders/WorkingDirectory/10908/).
[2017.11.16-17.30.31:704][  0]LogShaderCompilers: Cleaned the shader compiler working directory 'C:/Users/Santi/AppData/Local/Temp/UnrealShaderWorkingDir/CDF4185247EDAA5D7EAD84BA736BBA5B/'.
[2017.11.16-17.30.31:704][  0]LogShaderCompilers: Display: Using Local Shader Compiler.
[2017.11.16-17.30.32:402][  0]LogTemp: Display: Loaded TP AllDesktopTargetPlatform
[2017.11.16-17.30.32:447][  0]LogTemp: Display: Loaded TP MacClientTargetPlatform
[2017.11.16-17.30.32:492][  0]LogTemp: Display: Loaded TP MacNoEditorTargetPlatform
[2017.11.16-17.30.32:538][  0]LogTemp: Display: Loaded TP MacServerTargetPlatform
[2017.11.16-17.30.32:584][  0]LogTemp: Display: Loaded TP MacTargetPlatform
[2017.11.16-17.30.32:630][  0]LogTemp: Display: Loaded TP WindowsClientTargetPlatform
[2017.11.16-17.30.32:675][  0]LogTemp: Display: Loaded TP WindowsNoEditorTargetPlatform
[2017.11.16-17.30.32:721][  0]LogTemp: Display: Loaded TP WindowsServerTargetPlatform
[2017.11.16-17.30.32:758][  0]LogTemp: Display: Loaded TP WindowsTargetPlatform
[2017.11.16-17.30.32:802][  0]LogTemp: Display: Loaded TP Android_ASTCTargetPlatform
[2017.11.16-17.30.32:848][  0]LogTemp: Display: Loaded TP Android_ATCTargetPlatform
[2017.11.16-17.30.32:892][  0]LogTemp: Display: Loaded TP Android_DXTTargetPlatform
[2017.11.16-17.30.32:936][  0]LogTemp: Display: Loaded TP Android_ETC1TargetPlatform
[2017.11.16-17.30.32:980][  0]LogTemp: Display: Loaded TP Android_ETC2TargetPlatform
[2017.11.16-17.30.33:068][  0]LogTemp: Display: Loaded TP Android_MultiTargetPlatform
[2017.11.16-17.30.33:069][  0]LogTemp: Display: Loaded TP Android_PVRTCTargetPlatform
[2017.11.16-17.30.33:113][  0]LogTemp: Display: Loaded TP AndroidTargetPlatform
[2017.11.16-17.30.33:146][  0]LogTemp: Display: Loaded TP HTML5TargetPlatform
[2017.11.16-17.30.33:227][  0]LogTemp: Display: Loaded TP IOSTargetPlatform
[2017.11.16-17.30.33:252][  0]LogTemp: Display: Loaded TP TVOSTargetPlatform
[2017.11.16-17.30.33:296][  0]LogTemp: Display: Loaded TP LinuxClientTargetPlatform
[2017.11.16-17.30.33:340][  0]LogTemp: Display: Loaded TP LinuxNoEditorTargetPlatform
[2017.11.16-17.30.33:384][  0]LogTemp: Display: Loaded TP LinuxServerTargetPlatform
[2017.11.16-17.30.33:429][  0]LogTemp: Display: Loaded TP LinuxTargetPlatform
[2017.11.16-17.30.33:429][  0]LogTargetPlatformManager: Display: Building Assets For Windows
[2017.11.16-17.30.33:814][  0]LogDerivedDataCache: Display: Max Cache Size: 512 MB
[2017.11.16-17.30.33:881][  0]LogDerivedDataCache: Loaded boot cache 0.07s 113MB C:/Users/Santi/AppData/Local/UnrealEngine/4.18/DerivedDataCache/Boot.ddc.
[2017.11.16-17.30.33:881][  0]LogDerivedDataCache: Display: Loaded Boot cache: C:/Users/Santi/AppData/Local/UnrealEngine/4.18/DerivedDataCache/Boot.ddc
[2017.11.16-17.30.33:881][  0]LogDerivedDataCache: FDerivedDataBackendGraph:  Pak pak cache file E:/UE4_Projects/Arquinteractiva/Github/Unreal-2017-11-16/DerivedDataCache/DDC.ddp not found, will not use a pak cache.
[2017.11.16-17.30.33:881][  0]LogDerivedDataCache: Unable to find inner node Pak for hierarchical cache Hierarchy.
[2017.11.16-17.30.33:881][  0]LogDerivedDataCache: FDerivedDataBackendGraph:  CompressedPak pak cache file E:/UE4_Projects/Arquinteractiva/Github/Unreal-2017-11-16/DerivedDataCache/Compressed.ddp not found, will not use a pak cache.
[2017.11.16-17.30.33:881][  0]LogDerivedDataCache: Unable to find inner node CompressedPak for hierarchical cache Hierarchy.
[2017.11.16-17.30.33:893][  0]LogDerivedDataCache: Display: Pak cache opened for reading ../../../Engine/DerivedDataCache/Compressed.ddp.
[2017.11.16-17.30.33:905][  0]LogDerivedDataCache: Using Local data cache path C:/Users/Santi/AppData/Local/UnrealEngine/Common/DerivedDataCache: Writable
[2017.11.16-17.30.33:913][  0]LogMaterial: Verifying Global Shaders for PCD3D_SM5
[2017.11.16-17.30.33:914][  0]LogSlate: Using Freetype 2.6.0
[2017.11.16-17.30.33:914][  0]LogSlate: SlateFontCache - WITH_FREETYPE: 1, WITH_HARFBUZZ: 1
[2017.11.16-17.30.33:914][  0]LogSlate: SlateFontCache - WITH_FREETYPE: 1, WITH_HARFBUZZ: 1
[2017.11.16-17.30.34:182][  0]LogInit: Selected Device Profile: [Windows]
[2017.11.16-17.30.34:448][  0]LogSimplygon: Simplygon DLL not present - disabling.
[2017.11.16-17.30.34:481][  0]LogMeshReduction: Using SimplygonSwarm for distributed automatic mesh merging
[2017.11.16-17.30.34:481][  0]LogMeshReduction: Using QuadricMeshReduction for automatic static mesh reduction
[2017.11.16-17.30.34:481][  0]LogMeshReduction: No automatic skeletal mesh reduction module available
[2017.11.16-17.30.34:481][  0]LogMeshReduction: No automatic mesh merging module available
[2017.11.16-17.30.34:481][  0]LogMeshMerging: No automatic mesh merging module available
[2017.11.16-17.30.34:508][  0]LogNetVersion: pruebaGitHub , NetCL: 3709383, EngineNetVer: 2, GameNetVer: 0 (Checksum: 3497981120)
[2017.11.16-17.30.34:639][  0]LogAssetRegistry: FAssetRegistry took 0.0243 seconds to start up
[2017.11.16-17.30.34:998][  0]LogPackageLocalizationCache: Processed 8 localized package path(s) for 1 prioritized culture(s) in 0.033182 seconds
[2017.11.16-17.30.35:003][  0]LogUObjectArray: 35900 objects as part of root set at end of initial load.
[2017.11.16-17.30.35:003][  0]LogUObjectAllocator: 7372024 out of 0 bytes used by permanent object pool.
[2017.11.16-17.30.35:003][  0]LogUObjectArray: CloseDisregardForGC: 0/0 objects in disregard for GC pool
[2017.11.16-17.30.35:048][  0]LogInit: WinSock: version 1.1 (2.2), MaxSocks=32767, MaxUdp=65467
[2017.11.16-17.30.37:303][  0]LogTcpMessaging: Initializing TcpMessaging bridge
[2017.11.16-17.30.37:339][  0]LogUdpMessaging: Initializing bridge on interface 0.0.0.0:0 to multicast group 230.0.0.1:6666.
[2017.11.16-17.30.37:898][  0]LogMaterial: Uniform references updated for custom material expression Custom.
[2017.11.16-17.30.38:249][  0]SourceControl: Source control is disabled
[2017.11.16-17.30.38:249][  0]SourceControl: Source control is disabled
[2017.11.16-17.30.38:294][  0]SourceControl: Source control is disabled
[2017.11.16-17.30.38:337][  0]SourceControl: Source control is disabled
[2017.11.16-17.30.39:223][  0]LogAndroidPermission: UAndroidPermissionCallbackProxy::GetInstance
[2017.11.16-17.30.39:444][  0]LogOcInput: OculusInput pre-init called
[2017.11.16-17.30.39:682][  0]LogEngine: Initializing Engine...
[2017.11.16-17.30.39:684][  0]LogHMD: Failed to initialize OpenVR with code 110
[2017.11.16-17.30.39:839][  0]LogStats: UGameplayTagsManager::ConstructGameplayTagTree: Construct from data asset -  0.000 s
[2017.11.16-17.30.39:839][  0]LogStats: UGameplayTagsManager::ConstructGameplayTagTree: GameplayTagTreeChangedEvent.Broadcast -  0.000 s
[2017.11.16-17.30.39:947][  0]LogAIModule: Creating AISystem for world Untitled
[2017.11.16-17.30.39:954][  0]LogInit: XAudio2 using 'Altavoces (Realtek High Definition Audio)' : 2 channels at 48 kHz using 32 bits per sample (channel mask 0x3)
[2017.11.16-17.30.39:988][  0]LogInit: FAudioDevice initialized.
[2017.11.16-17.30.40:041][  0]LogDerivedDataCache: Saved boot cache 0.05s 113MB C:/Users/Santi/AppData/Local/UnrealEngine/4.18/DerivedDataCache/Boot.ddc.
[2017.11.16-17.30.40:050][  0]LogInit: Texture streaming: Enabled
[2017.11.16-17.30.40:132][  0]LogEngineSessionManager: EngineSessionManager initialized
[2017.11.16-17.30.40:241][  0]LogInit: Transaction tracking system initialized
[2017.11.16-17.30.40:505][  0]BlueprintLog: New page: Editor Load
[2017.11.16-17.30.41:245][  0]LocalizationService: Localization service is disabled
[2017.11.16-17.30.41:854][  0]LogConsoleResponse: Display: 
[2017.11.16-17.30.41:996][  0]LogFileCache: Scanning file cache for directory 'E:/UE4_Projects/Arquinteractiva/Github/Unreal-2017-11-16/Content/' took 0.01s
[2017.11.16-17.30.41:996][  0]LogCook: Display: Max memory allowance for cook 16384mb min free memory 0mb
[2017.11.16-17.30.41:996][  0]LogCook: Display: Mobile HDR setting 1
[2017.11.16-17.30.41:996][  0]LogGameplayTags: Display: UGameplayTagsManager::DoneAddingNativeTags. DelegateIsBound: 0
[2017.11.16-17.30.42:971][  0]SourceControl: Source control is disabled
[2017.11.16-17.30.42:971][  0]Cmd: MAP LOAD FILE="../../../Engine/Content/Maps/Templates/Template_Default.umap" TEMPLATE=1 SHOWPROGRESS=1 FEATURELEVEL=3
[2017.11.16-17.30.42:971][  0]LightingResults: New page: Lighting Build
[2017.11.16-17.30.43:005][  0]MapCheck: New page: Map Check
[2017.11.16-17.30.43:006][  0]LightingResults: New page: Lighting Build
[2017.11.16-17.30.43:173][  0]LogAIModule: Creating AISystem for world Untitled_1
[2017.11.16-17.30.43:177][  0]LogEditorServer: Finished looking for orphan Actors (0.000 secs)
[2017.11.16-17.30.43:185][  0]Cmd: MAP CHECKDEP NOCLEARLOG
[2017.11.16-17.30.43:222][  0]MapCheck: Map check complete: 0 Error(s), 0 Warning(s), took 37.38ms to complete.
[2017.11.16-17.30.43:222][  0]LogFileHelpers: Loading map 'Template_Default' took 0.252
[2017.11.16-17.30.43:283][  0]LogWindowsTextInputMethodSystem: Display: IME system now deactivated.
[2017.11.16-17.30.43:283][  0]LogWindowsTextInputMethodSystem: Display: IME system now deactivated.
[2017.11.16-17.30.43:346][  0]LogCollectionManager: Loaded 0 collections in 0.001021 seconds
[2017.11.16-17.30.43:420][  0]LogFileCache: Scanning file cache for directory 'E:/UE4_Projects/Arquinteractiva/Github/Unreal-2017-11-16/Saved/Collections/' took 0.01s
[2017.11.16-17.30.43:420][  0]LogFileCache: Scanning file cache for directory 'E:/UE4_Projects/Arquinteractiva/Github/Unreal-2017-11-16/Content/Developers/Santi/Collections/' took 0.01s
[2017.11.16-17.30.43:420][  0]LogFileCache: Scanning file cache for directory 'E:/UE4_Projects/Arquinteractiva/Github/Unreal-2017-11-16/Content/Collections/' took 0.01s
[2017.11.16-17.30.43:420][  0]LogCollectionManager: Rebuilt the GUID cache for 0 collections in 0.000001 seconds
[2017.11.16-17.30.43:426][  0]LogContentBrowser: Native class hierarchy populated in 0.0066 seconds. Added 2386 classes and 530 folders.
[2017.11.16-17.30.43:486][  0]LogContentBrowser: Native class hierarchy updated for 'WidgetCarousel' in 0.0002 seconds. Added 0 classes and 0 folders.
[2017.11.16-17.30.43:513][  0]LogContentBrowser: Native class hierarchy updated for 'AddContentDialog' in 0.0002 seconds. Added 0 classes and 0 folders.
[2017.11.16-17.30.43:549][  0]LogContentBrowser: Native class hierarchy updated for 'SceneOutliner' in 0.0002 seconds. Added 1 classes and 2 folders.
[2017.11.16-17.30.43:588][  0]LogContentBrowser: Native class hierarchy updated for 'WorldBrowser' in 0.0002 seconds. Added 2 classes and 3 folders.
[2017.11.16-17.30.43:638][  0]LogSlate: Took 0.000221 seconds to synchronously load lazily loaded font '../../../Engine/Content/Slate/Fonts/Roboto-Regular.ttf' (155K)
[2017.11.16-17.30.43:640][  0]LogSlate: Took 0.000162 seconds to synchronously load lazily loaded font '../../../Engine/Content/Slate/Fonts/Roboto-Bold.ttf' (160K)
[2017.11.16-17.30.43:645][  0]LogSlate: Took 0.000147 seconds to synchronously load lazily loaded font '../../../Engine/Content/Editor/Slate/Fonts/FontAwesome.ttf' (139K)
[2017.11.16-17.30.43:722][  0]LogRenderer: Reallocating scene render targets to support 2216x1028 Format 10 NumSamples 1 (Frame:1).
[2017.11.16-17.30.43:891][  0]LogContentBrowser: Native class hierarchy updated for 'HierarchicalLODOutliner' in 0.0002 seconds. Added 1 classes and 2 folders.
[2017.11.16-17.30.43:891][  0]LogLoad: (Engine Initialization) Total time: 14.81 seconds
[2017.11.16-17.30.43:891][  0]LogLoad: (Engine Initialization) Total Blueprint compile time: 0.00 seconds
[2017.11.16-17.30.43:891][  0]LogExternalProfiler: No external profilers were discovered.  External profiling features will not be available.
[2017.11.16-17.30.43:915][  0]LogAssetRegistry: Asset discovery search completed in 9.2976 seconds
[2017.11.16-17.30.43:916][  0]LogCollectionManager: Rebuilt the object cache for 0 collections in 0.000001 seconds (found 0 objects)
[2017.11.16-17.30.43:916][  0]LogCollectionManager: Fixed up redirectors for 0 collections in 0.000047 seconds (updated 0 objects)
[2017.11.16-17.30.43:916][  0]LogContentStreaming: Texture pool size now 1000 MB
[2017.11.16-17.31.02:416][204]LogSlate: Took 0.000107 seconds to synchronously load lazily loaded font '../../../Engine/Content/Slate/Fonts/Roboto-Light.ttf' (159K)
[2017.11.16-17.31.02:431][204]LogLinker: Warning: Can't find file '/Game/Maps/inicjo_BuiltData'
[2017.11.16-17.31.02:431][204]LogLinker: Warning: Can't find file for asset '/Game/Maps/inicjo_BuiltData' while loading E:/UE4_Projects/Arquinteractiva/Github/Unreal-2017-11-16/Content/Maps/inicjo.umap.
[2017.11.16-17.31.02:431][204]LoadErrors: Error: /Game/Maps/inicjo : Can't find file for asset. /Game/Maps/inicjo_BuiltData
[2017.11.16-17.31.02:432][204]LogLinker: Warning: Can't find file '/Game/Maps/inicjo_BuiltData'
[2017.11.16-17.31.02:432][204]LogLinker: Warning: Can't find file for asset '/Game/Maps/inicjo_BuiltData' while loading E:/UE4_Projects/Arquinteractiva/Github/Unreal-2017-11-16/Content/Maps/inicjo.umap.
[2017.11.16-17.31.02:438][204]LogLinker: Warning: Can't find file '/Game/Maps/inicjo_BuiltData'
[2017.11.16-17.31.02:438][204]LoadErrors: Failed to load /Game/Maps/inicjo_BuiltData.inicjo_BuiltData Referenced by PersistentLevel
[2017.11.16-17.31.02:438][204]LogLinker: Warning: Can't find file for asset '/Game/Maps/inicjo_BuiltData' while loading NULL.
[2017.11.16-17.31.02:439][204]LogStaticMesh: Building static mesh mono...
[2017.11.16-17.31.02:445][204]LogStaticMesh: Built static mesh [0.01s] /Game/mono.mono
[2017.11.16-17.31.02:450][204]LogAIModule: Creating AISystem for world inicjo
[2017.11.16-17.31.02:462][204]Cmd: MAP LOAD FILE="E:/UE4_Projects/Arquinteractiva/Github/Unreal-2017-11-16/Content/Maps/inicjo.umap" TEMPLATE=0 SHOWPROGRESS=1 FEATURELEVEL=3
[2017.11.16-17.31.02:462][204]LightingResults: New page: Lighting Build
[2017.11.16-17.31.02:463][204]LoadErrors: New page: Loading map: inicjo.umap
[2017.11.16-17.31.02:464][204]MapCheck: New page: Map Check
[2017.11.16-17.31.02:464][204]LightingResults: New page: Lighting Build
[2017.11.16-17.31.02:507][204]LogEditorServer: Finished looking for orphan Actors (0.000 secs)
[2017.11.16-17.31.02:524][204]Cmd: MAP CHECKDEP NOCLEARLOG
[2017.11.16-17.31.02:562][204]MapCheck: Map check complete: 0 Error(s), 0 Warning(s), took 38.799ms to complete.
[2017.11.16-17.31.02:563][204]LogFileHelpers: Loading map 'inicjo' took 0.101
[2017.11.16-17.31.49:658][133]LogFactory: FactoryCreateFile: StaticMesh with FbxFactory (0 0 E:/UE4_Projects/Datasmith/Plantilla_Abbott/Content/Exported/HA8180.fbx)
[2017.11.16-17.31.49:673][133]LogFbx: ItemName: GlobalSettings, ItemCount : 1
[2017.11.16-17.31.49:673][133]LogFbx: ItemName: AnimationStack, ItemCount : 1
[2017.11.16-17.31.49:673][133]LogFbx: ItemName: AnimationLayer, ItemCount : 1
[2017.11.16-17.31.49:673][133]LogFbx: ItemName: Model, ItemCount : 1
[2017.11.16-17.31.49:673][133]LogFbx: ItemName: Geometry, ItemCount : 1
[2017.11.16-17.31.49:673][133]LogFbx: ItemName: Material, ItemCount : 3
[2017.11.16-17.31.49:673][133]LogFbx: ItemName: CollectionExclusive, ItemCount : 9
[2017.11.16-17.31.49:677][133]LogFbx: Loading FBX Scene from E:/UE4_Projects/Datasmith/Plantilla_Abbott/Content/Exported/HA8180.fbx
[2017.11.16-17.31.49:686][133]LogFbx: FBX Scene Loaded Succesfully
[2017.11.16-17.32.10:691][133]LogFbx: Loading FBX Scene from E:/UE4_Projects/Datasmith/Plantilla_Abbott/Content/Exported/HA8180.fbx
[2017.11.16-17.32.10:700][133]LogFbx: FBX Scene Loaded Succesfully
[2017.11.16-17.32.10:700][133]LogLinker: Can't find file '/Game/Negro_instrumentacion'
[2017.11.16-17.32.10:700][133]LogLinker: Can't find file '/Game/Negro_instrumentacion'
[2017.11.16-17.32.10:703][133]LogMaterial: Missing cached shader map for material Negro_instrumentacion, compiling. 
[2017.11.16-17.32.10:733][133]LogLinker: Can't find file '/Game/Inpeco_beis'
[2017.11.16-17.32.10:734][133]LogLinker: Can't find file '/Game/Inpeco_beis'
[2017.11.16-17.32.10:736][133]LogMaterial: Missing cached shader map for material Inpeco_beis, compiling. 
[2017.11.16-17.32.10:755][133]LogLinker: Can't find file '/Game/Instrumentos_genericos_1'
[2017.11.16-17.32.10:755][133]LogLinker: Can't find file '/Game/Instrumentos_genericos_1'
[2017.11.16-17.32.10:757][133]LogMaterial: Missing cached shader map for material Instrumentos_genericos_1, compiling. 
[2017.11.16-17.32.10:778][133]LogStaticMesh: Building static mesh HA8180...
[2017.11.16-17.32.10:793][133]LogStaticMesh: Built static mesh [0.02s] /Game/HA8180.HA8180
[2017.11.16-17.32.10:797][133]LogStaticMesh: Warning: HA8180 has degenerate tangent bases which will result in incorrect shading.  MikkTSpace relies on tangent bases and may result in mesh corruption, consider disabling this option.
[2017.11.16-17.32.10:797][133]LogStaticMesh: Warning: HA8180 has some nearly zero bi-normals which can create some issues. (Tolerance of 1E-4)
[2017.11.16-17.32.10:800][133]FBXImport: Warning: HA8180 has degenerate tangent bases which will result in incorrect shading.  MikkTSpace relies on tangent bases and may result in mesh corruption, consider disabling this option. 
[2017.11.16-17.32.10:800][133]FBXImport: Warning: HA8180 has some nearly zero bi-normals which can create some issues. (Tolerance of 1E-4) 
[2017.11.16-17.32.16:848][751]LogActorFactory: Actor Factory created HA8180
[2017.11.16-17.32.18:058][891]LogActorFactory: Actor Factory created HA8180
[2017.11.16-17.32.24:913][690]Cmd: OBJ SAVEPACKAGE PACKAGE="/Game/Maps/inicjo" FILE="E:/UE4_Projects/Arquinteractiva/Github/Unreal-2017-11-16/Content/Maps/inicjo.umap" SILENT=true AUTOSAVING=false KEEPDIRTY=false
[2017.11.16-17.32.24:956][690]LogSavePackage: Save=33.57ms
[2017.11.16-17.32.24:956][690]LogSavePackage: Moving 'E:/UE4_Projects/Arquinteractiva/Github/Unreal-2017-11-16/Saved/inicjoBB7A026C4F948334CE286A836368B338.tmp' to 'E:/UE4_Projects/Arquinteractiva/Github/Unreal-2017-11-16/Content/Maps/inicjo.umap'
[2017.11.16-17.32.24:957][690]LogSavePackage: Display: Finished SavePackage E:/UE4_Projects/Arquinteractiva/Github/Unreal-2017-11-16/Content/Maps/inicjo.umap
[2017.11.16-17.32.24:966][690]LogFileHelpers: Saving map 'inicjo' took 0.096
[2017.11.16-17.32.24:980][690]Cmd: OBJ SAVEPACKAGE PACKAGE="/Game/HA8180" FILE="E:/UE4_Projects/Arquinteractiva/Github/Unreal-2017-11-16/Content/HA8180.uasset" SILENT=true
[2017.11.16-17.32.24:989][690]LogSavePackage: Save=8.69ms
[2017.11.16-17.32.24:990][690]LogSavePackage: Moving 'E:/UE4_Projects/Arquinteractiva/Github/Unreal-2017-11-16/Saved/HA8180DDB9EBBB48088EB9FACCFC9674D524BE.tmp' to 'E:/UE4_Projects/Arquinteractiva/Github/Unreal-2017-11-16/Content/HA8180.uasset'
[2017.11.16-17.32.24:990][690]LogSavePackage: Display: Finished SavePackage E:/UE4_Projects/Arquinteractiva/Github/Unreal-2017-11-16/Content/HA8180.uasset
[2017.11.16-17.32.25:007][690]Cmd: OBJ SAVEPACKAGE PACKAGE="/Game/Negro_instrumentacion" FILE="E:/UE4_Projects/Arquinteractiva/Github/Unreal-2017-11-16/Content/Negro_instrumentacion.uasset" SILENT=true
[2017.11.16-17.32.25:016][690]LogSavePackage: Save=8.18ms
[2017.11.16-17.32.25:016][690]LogSavePackage: Moving 'E:/UE4_Projects/Arquinteractiva/Github/Unreal-2017-11-16/Saved/Negro_instrumentacion66061B47452E01B1C49A07AED9FF091A.tmp' to 'E:/UE4_Projects/Arquinteractiva/Github/Unreal-2017-11-16/Content/Negro_instrumentacion.uasset'
[2017.11.16-17.32.25:017][690]LogSavePackage: Display: Finished SavePackage E:/UE4_Projects/Arquinteractiva/Github/Unreal-2017-11-16/Content/Negro_instrumentacion.uasset
[2017.11.16-17.32.25:032][690]Cmd: OBJ SAVEPACKAGE PACKAGE="/Game/Inpeco_beis" FILE="E:/UE4_Projects/Arquinteractiva/Github/Unreal-2017-11-16/Content/Inpeco_beis.uasset" SILENT=true
[2017.11.16-17.32.25:041][690]LogSavePackage: Save=7.97ms
[2017.11.16-17.32.25:041][690]LogSavePackage: Moving 'E:/UE4_Projects/Arquinteractiva/Github/Unreal-2017-11-16/Saved/Inpeco_beis042DB9A54DDE85FF25C9C4AE786EA875.tmp' to 'E:/UE4_Projects/Arquinteractiva/Github/Unreal-2017-11-16/Content/Inpeco_beis.uasset'
[2017.11.16-17.32.25:042][690]LogSavePackage: Display: Finished SavePackage E:/UE4_Projects/Arquinteractiva/Github/Unreal-2017-11-16/Content/Inpeco_beis.uasset
[2017.11.16-17.32.25:057][690]Cmd: OBJ SAVEPACKAGE PACKAGE="/Game/Instrumentos_genericos_1" FILE="E:/UE4_Projects/Arquinteractiva/Github/Unreal-2017-11-16/Content/Instrumentos_genericos_1.uasset" SILENT=true
[2017.11.16-17.32.25:066][690]LogSavePackage: Save=8.33ms
[2017.11.16-17.32.25:066][690]LogSavePackage: Moving 'E:/UE4_Projects/Arquinteractiva/Github/Unreal-2017-11-16/Saved/Instrumentos_genericos_1D45A86CB4312E66BB7494D9A9E8AA885.tmp' to 'E:/UE4_Projects/Arquinteractiva/Github/Unreal-2017-11-16/Content/Instrumentos_genericos_1.uasset'
[2017.11.16-17.32.25:067][690]LogSavePackage: Display: Finished SavePackage E:/UE4_Projects/Arquinteractiva/Github/Unreal-2017-11-16/Content/Instrumentos_genericos_1.uasset
[2017.11.16-17.33.02:766][209]LogEditor: Attempting to add actor of class 'FloatingText' to level at -490.00,-520.00,340.00
[2017.11.16-17.33.03:410][279]LogEditor: Attempting to add actor of class 'FloatingText' to level at -260.00,-20.00,20.00
[2017.11.16-17.33.05:057][473]LogSlate: Took 0.000132 seconds to synchronously load lazily loaded font '../../../Engine/Content/Editor/Slate/Fonts/Roboto-Italic.ttf' (157K)
[2017.11.16-17.33.12:070][313]LogEditorActor: Deleted Actor: FloatingText
[2017.11.16-17.33.12:077][313]LogEditorActor: Deleted 1 Actors (0.008 secs)
[2017.11.16-17.33.33:362][842]Cmd: SELECT NONE
[2017.11.16-17.33.37:055][283]LogEditorViewport: Clicking on Actor (LMB): TextRenderActor (TextRenderActor)
[2017.11.16-17.33.42:652][945]LogEditorViewport: Clicking on Actor (CTRL LMB): StaticMeshActor (HA8180)
[2017.11.16-17.33.45:523][283]Cmd: SELECT NONE
[2017.11.16-17.33.47:195][480]Cmd: OBJ SAVEPACKAGE PACKAGE="/Game/Maps/inicjo" FILE="E:/UE4_Projects/Arquinteractiva/Github/Unreal-2017-11-16/Content/Maps/inicjo.umap" SILENT=true AUTOSAVING=false KEEPDIRTY=false
[2017.11.16-17.33.47:225][480]LogSavePackage: Save=22.74ms
[2017.11.16-17.33.47:225][480]LogSavePackage: Moving 'E:/UE4_Projects/Arquinteractiva/Github/Unreal-2017-11-16/Saved/inicjo9854C0E94912A17F8CF4DA99F2285ADF.tmp' to 'E:/UE4_Projects/Arquinteractiva/Github/Unreal-2017-11-16/Content/Maps/inicjo.umap'
[2017.11.16-17.33.47:226][480]LogSavePackage: Display: Finished SavePackage E:/UE4_Projects/Arquinteractiva/Github/Unreal-2017-11-16/Content/Maps/inicjo.umap
